[0x00007f8fa8615470] fetchRow() /home/rx17559-1886-prod-m2-custom/www/prod-m2-custom/vendor/magento/framework/Model/ResourceModel/Db/AbstractDb.php:333
[0x00007f8fa86153b0] load() /home/rx17559-1886-prod-m2-custom/www/prod-m2-custom/vendor/magento/framework/FlagManager.php:100
[0x00007f8fa8615320] getFlagObject() /home/rx17559-1886-prod-m2-custom/www/prod-m2-custom/vendor/magento/framework/FlagManager.php:51
[0x00007f8fa86152b0] getFlagData() /home/rx17559-1886-prod-m2-custom/www/prod-m2-custom/vendor/amasty/gdpr-cookie/Model/EntityVersion/CookieVersionControlService.php:57
[0x00007f8fa8615220] getVersion() /home/rx17559-1886-prod-m2-custom/www/prod-m2-custom/vendor/amasty/gdpr-cookie/Model/Cookie/CookieData.php:105
[0x00007f8fa8615100] getGroupData() /home/rx17559-1886-prod-m2-custom/www/prod-m2-custom/vendor/amasty/gdpr-cookie/Model/Layout/SideBar.php:76
[0x00007f8fa8615060] process() /home/rx17559-1886-prod-m2-custom/www/prod-m2-custom/generated/code/Amasty/GdprCookie/Model/Layout/SideBar/Proxy.php:95
[0x00007f8fa8614ff0] process() /home/rx17559-1886-prod-m2-custom/www/prod-m2-custom/vendor/amasty/gdpr-cookie/Model/Layout/CookieBarLayoutResolver.php:42
[0x00007f8fa8614f70] process() /home/rx17559-1886-prod-m2-custom/www/prod-m2-custom/vendor/amasty/gdpr-cookie/Block/Consent.php:38
[0x00007f8fa8614ef0] getJsLayout() /home/rx17559-1886-prod-m2-custom/www/prod-m2-custom/vendor/amasty/gdpr-cookie/view/frontend/templates/consent.phtml:15
[0x00007f8fa8614e00] [INCLUDE_OR_EVAL]() /home/rx17559-1886-prod-m2-custom/www/prod-m2-custom/vendor/magento/framework/View/TemplateEngine/Php.php:71

[28-Apr-2026 10:20:26]  [pool rx17559-1886-prod-m2-custom] pid 632531
script_filename = /home/rx17559-1886-prod-m2-custom/www/prod-m2-custom/pub/index.php
[0x00007f8fa8615af0] execute() /home/rx17559-1886-prod-m2-custom/www/prod-m2-custom/vendor/magento/framework/DB/Statement/Pdo/Mysql.php:90
[0x00007f8fa8615a70] Magento\Framework\DB\Statement\Pdo\{closure}() /home/rx17559-1886-prod-m2-custom/www/prod-m2-custom/vendor/magento/framework/DB/Statement/Pdo/Mysql.php:106
[0x00007f8fa8615990] tryExecute() /home/rx17559-1886-prod-m2-custom/www/prod-m2-custom/vendor/magento/framework/DB/Statement/Pdo/Mysql.php:91
[0x00007f8fa86158f0] _execute() /home/rx17559-1886-prod-m2-custom/www/prod-m2-custom/vendor/magento/zend-db/library/Zend/Db/Statement.php:313
[0x00007f8fa8615840] execute() /home/rx17559-1886-prod-m2-custom/www/prod-m2-custom/vendor/magento/zend-db/library/Zend/Db/Adapter/Abstract.php:480
[0x00007f8fa86157b0] query() /home/rx17559-1886-prod-m2-custom/www/prod-m2-custom/vendor/magento/zend-db/library/Zend/Db/Adapter/Pdo/Abstract.php:242
[0x00007f8fa86156e0] query() /home/rx17559-1886-prod-m2-custom/www/prod-m2-custom/vendor/magento/framework/DB/Adapter/Pdo/Mysql.php:564
[0x00007f8fa86155b0] _query() /home/rx17559-1886-prod-m2-custom/www/prod-m2-custom/vendor/magento/framework/DB/Adapter/Pdo/Mysql.php:634
[0x00007f8fa8615520] query() /home/rx17559-1886-prod-m2-custom/www/prod-m2-custom/vendor/magento/zend-db/library/Zend/Db/Adapter/Abstract.php:756
[0x00007f8fa8615470] fetchRow() /home/rx17559-1886-prod-m2-custom/www/prod-m2-custom/vendor/magento/framework/Model/ResourceModel/Db/AbstractDb.php:333
[0x00007f8fa86153b0] load() /home/rx17559-1886-prod-m2-custom/www/prod-m2-custom/vendor/magento/framework/FlagManager.php:100
[0x00007f8fa8615320] getFlagObject() /home/rx17559-1886-prod-m2-custom/www/prod-m2-custom/vendor/magento/framework/FlagManager.php:51
[0x00007f8fa86152b0] getFlagData() /home/rx17559-1886-prod-m2-custom/www/prod-m2-custom/vendor/amasty/gdpr-cookie/Model/EntityVersion/CookieVersionControlService.php:57
[0x00007f8fa8615220] getVersion() /home/rx17559-1886-prod-m2-custom/www/prod-m2-custom/vendor/amasty/gdpr-cookie/Model/Cookie/CookieData.php:105
[0x00007f8fa8615100] getGroupData() /home/rx17559-1886-prod-m2-custom/www/prod-m2-custom/vendor/amasty/gdpr-cookie/Model/Layout/SideBar.php:76
[0x00007f8fa8615060] process() /home/rx17559-1886-prod-m2-custom/www/prod-m2-custom/generated/code/Amasty/GdprCookie/Model/Layout/SideBar/Proxy.php:95
[0x00007f8fa8614ff0] process() /home/rx17559-1886-prod-m2-custom/www/prod-m2-custom/vendor/amasty/gdpr-cookie/Model/Layout/CookieBarLayoutResolver.php:42
[0x00007f8fa8614f70] process() /home/rx17559-1886-prod-m2-custom/www/prod-m2-custom/vendor/amasty/gdpr-cookie/Block/Consent.php:38
[0x00007f8fa8614ef0] getJsLayout() /home/rx17559-1886-prod-m2-custom/www/prod-m2-custom/vendor/amasty/gdpr-cookie/view/frontend/templates/consent.phtml:15
[0x00007f8fa8614e00] [INCLUDE_OR_EVAL]() /home/rx17559-1886-prod-m2-custom/www/prod-m2-custom/vendor/magento/framework/View/TemplateEngine/Php.php:71

[28-Apr-2026 10:20:31]  [pool rx17559-1886-prod-m2-custom] pid 621435
script_filename = /home/rx17559-1886-prod-m2-custom/www/prod-m2-custom/pub/index.php
[0x00007f8fa8618780] stream_get_contents() /home/rx17559-1886-prod-m2-custom/www/prod-m2-custom/vendor/colinmollenhour/credis/Client.php:1523
[0x00007f8fa8618670] read_reply() /home/rx17559-1886-prod-m2-custom/www/prod-m2-custom/vendor/colinmollenhour/credis/Client.php:1231
[0x00007f8fa86183e0] __call() /home/rx17559-1886-prod-m2-custom/www/prod-m2-custom/vendor/colinmollenhour/cache-backend-redis/Cm/Cache/Backend/Redis.php:502
[0x00007f8fa8618310] load() /home/rx17559-1886-prod-m2-custom/www/prod-m2-custom/vendor/magento/zend-cache/library/Zend/Cache/Core.php:306
[0x00007f8fa8618250] load() /home/rx17559-1886-prod-m2-custom/www/prod-m2-custom/vendor/magento/framework/Cache/Frontend/Adapter/Zend.php:55
[0x00007f8fa86181e0] load() /home/rx17559-1886-prod-m2-custom/www/prod-m2-custom/vendor/magento/framework/Cache/Frontend/Decorator/Bare.php:65
[0x00007f8fa8618170] load() /home/rx17559-1886-prod-m2-custom/www/prod-m2-custom/vendor/magento/framework/Cache/Frontend/Decorator/Bare.php:65
[0x00007f8fa8618100] load() /home/rx17559-1886-prod-m2-custom/www/prod-m2-custom/vendor/magento/framework/Cache/Frontend/Decorator/Bare.php:65
[0x00007f8fa8618090] load() /home/rx17559-1886-prod-m2-custom/www/prod-m2-custom/vendor/magento/framework/App/Cache/Type/AccessProxy.php:74
[0x00007f8fa8618020] load() /home/rx17559-1886-prod-m2-custom/www/prod-m2-custom/vendor/magento/framework/Cache/Frontend/Decorator/Bare.php:65
[0x00007f8fa8617fb0] load() /home/rx17559-1886-prod-m2-custom/www/prod-m2-custom/vendor/magento/module-config/App/Config/Type/System.php:299
[0x00007f8fa8617ed0] Magento\Config\App\Config\Type\{closure}() /home/rx17559-1886-prod-m2-custom/www/prod-m2-custom/vendor/magento/framework/Cache/LockGuardedCacheLoader.php:118
[0x00007f8fa8617dc0] lockedLoadData() /home/rx17559-1886-prod-m2-custom/www/prod-m2-custom/vendor/magento/module-config/App/Config/Type/System.php:324
[0x00007f8fa8617d20] loadScopeData() /home/rx17559-1886-prod-m2-custom/www/prod-m2-custom/vendor/magento/module-config/App/Config/Type/System.php:216
[0x00007f8fa8617c40] getWithParts() /home/rx17559-1886-prod-m2-custom/www/prod-m2-custom/vendor/magento/module-config/App/Config/Type/System.php:181
[0x00007f8fa8617bd0] get() /home/rx17559-1886-prod-m2-custom/www/prod-m2-custom/vendor/magento/framework/App/Config.php:132
[0x00007f8fa8617b20] get() /home/rx17559-1886-prod-m2-custom/www/prod-m2-custom/vendor/magento/framework/App/Config.php:80
[0x00007f8fa8617a80] getValue() /home/rx17559-1886-prod-m2-custom/www/prod-m2-custom/vendor/magento/module-store/Model/Website.php:265
[0x00007f8fa86179f0] getConfig() /home/rx17559-1886-prod-m2-custom/www/prod-m2-custom/vendor/magento/module-store/Model/Website.php:614
[0x00007f8fa8617960] getBaseCurrencyCode() /home/rx17559-1886-prod-m2-custom/www/prod-m2-custom/vendor/magento/module-catalog/Model/Product/Attribute/Backend/GroupPrice/AbstractGroupPrice.php:100

[28-Apr-2026 10:20:33]  [pool rx17559-1886-prod-m2-custom] pid 632205
script_filename = /home/rx17559-1886-prod-m2-custom/www/prod-m2-custom/pub/index.php
[0x00007f8fa8614c20] curl_exec() /home/rx17559-1886-prod-m2-custom/www/prod-m2-custom/vendor/sendinblue/module-sendinblue/Model/SendinblueSibClient.php:354
[0x00007f8fa8614b10] makeHttpRequest() /home/rx17559-1886-prod-m2-custom/www/prod-m2-custom/vendor/sendinblue/module-sendinblue/Model/SendinblueSibClient.php:308
[0x00007f8fa8614a90] post() /home/rx17559-1886-prod-m2-custom/www/prod-m2-custom/vendor/sendinblue/module-sendinblue/Model/SendinblueSibClient.php:180
[0x00007f8fa8614a20] createUser() /home/rx17559-1886-prod-m2-custom/www/prod-m2-custom/vendor/sendinblue/module-sendinblue/Model/SendinblueSib.php:1301
[0x00007f8fa8614950] subscribeByruntime() /home/rx17559-1886-prod-m2-custom/www/prod-m2-custom/vendor/sendinblue/module-sendinblue/Observer/SibaddrObserver.php:90
[0x00007f8fa8614760] execute() /home/rx17559-1886-prod-m2-custom/www/prod-m2-custom/vendor/magento/framework/Event/Invoker/InvokerDefault.php:88
[0x00007f8fa86146c0] _callObserverMethod() /home/rx17559-1886-prod-m2-custom/www/prod-m2-custom/vendor/magento/framework/Event/Invoker/InvokerDefault.php:74
[0x00007f8fa8614620] dispatch() /home/rx17559-1886-prod-m2-custom/www/prod-m2-custom/generated/code/Magento/Framework/Event/Invoker/InvokerDefault/Interceptor.php:23
[0x00007f8fa8614590] dispatch() /home/rx17559-1886-prod-m2-custom/www/prod-m2-custom/vendor/magento/framework/Event/Manager.php:65
[0x00007f8fa86144c0] dispatch() /home/rx17559-1886-prod-m2-custom/www/prod-m2-custom/generated/code/Magento/Framework/Event/Manager/Interceptor.php:23
[0x00007f8fa8614430] dispatch() /home/rx17559-1886-prod-m2-custom/www/prod-m2-custom/generated/code/Magento/Framework/Event/Manager/Proxy.php:95
[0x00007f8fa86143b0] dispatch() /home/rx17559-1886-prod-m2-custom/www/prod-m2-custom/vendor/magento/framework/Model/AbstractModel.php:837
[0x00007f8fa8614340] afterSave() /home/rx17559-1886-prod-m2-custom/www/prod-m2-custom/vendor/magento/module-customer/Model/Address.php:339
[0x00007f8fa86142b0] afterSave() /home/rx17559-1886-prod-m2-custom/www/prod-m2-custom/vendor/magento/module-eav/Model/Entity/VersionControl/AbstractEntity.php:94
[0x00007f8fa8614200] save() /home/rx17559-1886-prod-m2-custom/www/prod-m2-custom/vendor/magento/framework/Interception/Interceptor.php:58
[0x00007f8fa8614180] ___callParent() /home/rx17559-1886-prod-m2-custom/www/prod-m2-custom/vendor/magento/framework/Interception/Interceptor.php:138
[0x00007f8fa8614020] Magento\Framework\Interception\{closure}() /home/rx17559-1886-prod-m2-custom/www/prod-m2-custom/vendor/magento/framework/Interception/Interceptor.php:153
[0x00007f8fa8613f40] ___callPlugins() /home/rx17559-1886-prod-m2-custom/www/prod-m2-custom/generated/code/Magento/Customer/Model/ResourceModel/Address/Interceptor.php:32
[0x00007f8fa8613ec0] save() /home/rx17559-1886-prod-m2-custom/www/prod-m2-custom/vendor/magento/framework/Model/AbstractModel.php:663
[0x00007f8fa8613e60] save() /home/rx17559-1886-prod-m2-custom/www/prod-m2-custom/vendor/magento/module-customer/Model/ResourceModel/AddressRepository.php:137

[28-Apr-2026 10:20:35]  [pool rx17559-1886-prod-m2-custom] pid 621455
script_filename = /home/rx17559-1886-prod-m2-custom/www/prod-m2-custom/pub/index.php
[0x00007f8fa86178d0] PhpParser\Parser\{closure}() /home/rx17559-1886-prod-m2-custom/www/prod-m2-custom/vendor/nikic/php-parser/lib/PhpParser/ParserAbstract.php:285
[0x00007f8fa8617720] doParse() /home/rx17559-1886-prod-m2-custom/www/prod-m2-custom/vendor/nikic/php-parser/lib/PhpParser/ParserAbstract.php:162
[0x00007f8fa8617680] parse() /home/rx17559-1886-prod-m2-custom/www/prod-m2-custom/vendor/owebia/magento2-module-shared-php-config/Model/Parser.php:93
[0x00007f8fa8617570] parse() /home/rx17559-1886-prod-m2-custom/www/prod-m2-custom/vendor/owebia/magento2-module-advanced-shipping/Model/Carrier.php:236
[0x00007f8fa86174c0] getConfig() /home/rx17559-1886-prod-m2-custom/www/prod-m2-custom/vendor/owebia/magento2-module-advanced-shipping/Model/Carrier.php:122
[0x00007f8fa86173f0] collectRates() /home/rx17559-1886-prod-m2-custom/www/prod-m2-custom/vendor/magento/module-shipping/Model/Shipping.php:335
[0x00007f8fa8617310] collectCarrierRates() /home/rx17559-1886-prod-m2-custom/www/prod-m2-custom/vendor/magento/module-shipping/Model/Shipping.php:244
[0x00007f8fa8617230] collectRates() /home/rx17559-1886-prod-m2-custom/www/prod-m2-custom/vendor/magento/framework/Interception/Interceptor.php:58
[0x00007f8fa86171b0] ___callParent() /home/rx17559-1886-prod-m2-custom/www/prod-m2-custom/vendor/magento/framework/Interception/Interceptor.php:138
[0x00007f8fa8617050] Magento\Framework\Interception\{closure}() /home/rx17559-1886-prod-m2-custom/www/prod-m2-custom/vendor/owebia/magento2-module-adv-ship-universal-setting-addon/Model/Plugin/ShippingPlugin.php:81
[0x00007f8fa8616f10] aroundCollectRates() /home/rx17559-1886-prod-m2-custom/www/prod-m2-custom/vendor/magento/framework/Interception/Interceptor.php:135
[0x00007f8fa8616db0] Magento\Framework\Interception\{closure}() /home/rx17559-1886-prod-m2-custom/www/prod-m2-custom/vendor/magento/framework/Interception/Interceptor.php:153
[0x00007f8fa8616cd0] ___callPlugins() /home/rx17559-1886-prod-m2-custom/www/prod-m2-custom/generated/code/Magento/Shipping/Model/Shipping/Interceptor.php:23
[0x00007f8fa8616c50] collectRates() /home/rx17559-1886-prod-m2-custom/www/prod-m2-custom/vendor/magento/module-quote/Model/Quote/Address.php:1077
[0x00007f8fa8616ac0] requestShippingRates() /home/rx17559-1886-prod-m2-custom/www/prod-m2-custom/vendor/magento/module-quote/Model/Quote/Address.php:1004
[0x00007f8fa8616a50] collectShippingRates() /home/rx17559-1886-prod-m2-custom/www/prod-m2-custom/vendor/magento/module-quote/Model/Quote/Address/Total/Shipping.php:83
[0x00007f8fa8616920] collect() /home/rx17559-1886-prod-m2-custom/www/prod-m2-custom/vendor/magento/module-quote/Model/Quote/TotalsCollector.php:261
[0x00007f8fa8616830] collectAddressTotals() /home/rx17559-1886-prod-m2-custom/www/prod-m2-custom/vendor/magento/framework/Interception/Interceptor.php:58
[0x00007f8fa86167b0] ___callParent() /home/rx17559-1886-prod-m2-custom/www/prod-m2-custom/vendor/magento/framework/Interception/Interceptor.php:138
[0x00007f8fa8616640] Magento\Framework\Interception\{closure}() /home/rx17559-1886-prod-m2-custom/www/prod-m2-custom/vendor/amasty/promo/Plugin/Quote/Model/Quote/TotalsCollectorPlugin.php:174

[28-Apr-2026 10:20:36]  [pool rx17559-1886-prod-m2-custom] pid 621452
script_filename = /home/rx17559-1886-prod-m2-custom/www/prod-m2-custom/pub/index.php
[0x00007f8fa8617710] fgets() /home/rx17559-1886-prod-m2-custom/www/prod-m2-custom/vendor/colinmollenhour/credis/Client.php:1483
[0x00007f8fa8617600] read_reply() /home/rx17559-1886-prod-m2-custom/www/prod-m2-custom/vendor/colinmollenhour/credis/Client.php:1231
[0x00007f8fa8617370] __call() /home/rx17559-1886-prod-m2-custom/www/prod-m2-custom/vendor/colinmollenhour/cache-backend-redis/Cm/Cache/Backend/Redis.php:639
[0x00007f8fa8617240] save() /home/rx17559-1886-prod-m2-custom/www/prod-m2-custom/vendor/magento/zend-cache/library/Zend/Cache/Core.php:390
[0x00007f8fa8617130] save() /home/rx17559-1886-prod-m2-custom/www/prod-m2-custom/vendor/magento/framework/Cache/Core.php:74
[0x00007f8fa8617080] save() /home/rx17559-1886-prod-m2-custom/www/prod-m2-custom/vendor/magento/framework/Cache/Frontend/Adapter/Zend.php:63
[0x00007f8fa8616fe0] save() /home/rx17559-1886-prod-m2-custom/www/prod-m2-custom/vendor/magento/framework/Cache/Frontend/Decorator/Bare.php:75
[0x00007f8fa8616f40] save() /home/rx17559-1886-prod-m2-custom/www/prod-m2-custom/vendor/magento/framework/Cache/Frontend/Decorator/TagScope.php:52
[0x00007f8fa8616ea0] save() /home/rx17559-1886-prod-m2-custom/www/prod-m2-custom/vendor/magento/framework/Cache/Frontend/Decorator/Bare.php:75
[0x00007f8fa8616e00] save() /home/rx17559-1886-prod-m2-custom/www/prod-m2-custom/vendor/magento/framework/Cache/Frontend/Decorator/Bare.php:75
[0x00007f8fa8616d60] save() /home/rx17559-1886-prod-m2-custom/www/prod-m2-custom/vendor/magento/framework/App/Cache/Type/AccessProxy.php:85
[0x00007f8fa8616cc0] save() /home/rx17559-1886-prod-m2-custom/www/prod-m2-custom/vendor/magento/framework/Cache/Frontend/Decorator/Bare.php:75
[0x00007f8fa8616c20] save() /home/rx17559-1886-prod-m2-custom/www/prod-m2-custom/vendor/magento/framework/Cache/Frontend/Decorator/TagScope.php:52
[0x00007f8fa8616b80] save() /home/rx17559-1886-prod-m2-custom/www/prod-m2-custom/vendor/magento/framework/Data/Collection/Db/FetchStrategy/Cache.php:88
[0x00007f8fa8616ae0] fetchAll() /home/rx17559-1886-prod-m2-custom/www/prod-m2-custom/vendor/magento/framework/Data/Collection/AbstractDb.php:782
[0x00007f8fa8616a30] _fetchAll() /home/rx17559-1886-prod-m2-custom/www/prod-m2-custom/vendor/magento/framework/Data/Collection/AbstractDb.php:677
[0x00007f8fa86169b0] getData() /home/rx17559-1886-prod-m2-custom/www/prod-m2-custom/vendor/magento/framework/Data/Collection/AbstractDb.php:580
[0x00007f8fa86168f0] loadWithFilter() /home/rx17559-1886-prod-m2-custom/www/prod-m2-custom/vendor/magento/framework/Data/Collection/AbstractDb.php:565
[0x00007f8fa8616870] load() /home/rx17559-1886-prod-m2-custom/www/prod-m2-custom/vendor/magento/framework/Data/Collection.php:840
[0x00007f8fa8616800] getIterator() /home/rx17559-1886-prod-m2-custom/www/prod-m2-custom/vendor/magento/module-store/Model/Website.php:284

[28-Apr-2026 10:20:40]  [pool rx17559-1886-prod-m2-custom] pid 633082
script_filename = /home/rx17559-1886-prod-m2-custom/www/prod-m2-custom/pub/index.php
[0x00007f8fa8616cd0] fgets() /home/rx17559-1886-prod-m2-custom/www/prod-m2-custom/vendor/colinmollenhour/credis/Client.php:1483
[0x00007f8fa8616bc0] read_reply() /home/rx17559-1886-prod-m2-custom/www/prod-m2-custom/vendor/colinmollenhour/credis/Client.php:1231
[0x00007f8fa8616930] __call() /home/rx17559-1886-prod-m2-custom/www/prod-m2-custom/vendor/colinmollenhour/cache-backend-redis/Cm/Cache/Backend/Redis.php:502
[0x00007f8fa8616860] load() /home/rx17559-1886-prod-m2-custom/www/prod-m2-custom/vendor/magento/zend-cache/library/Zend/Cache/Core.php:306
[0x00007f8fa86167a0] load() /home/rx17559-1886-prod-m2-custom/www/prod-m2-custom/vendor/magento/framework/Cache/Frontend/Adapter/Zend.php:55
[0x00007f8fa8616730] load() /home/rx17559-1886-prod-m2-custom/www/prod-m2-custom/vendor/magento/framework/Cache/Frontend/Decorator/Bare.php:65
[0x00007f8fa86166c0] load() /home/rx17559-1886-prod-m2-custom/www/prod-m2-custom/vendor/magento/framework/Cache/Frontend/Decorator/Bare.php:65
[0x00007f8fa8616650] load() /home/rx17559-1886-prod-m2-custom/www/prod-m2-custom/vendor/magento/framework/Cache/Frontend/Decorator/Bare.php:65
[0x00007f8fa86165e0] load() /home/rx17559-1886-prod-m2-custom/www/prod-m2-custom/vendor/magento/framework/App/Cache/Type/AccessProxy.php:74
[0x00007f8fa8616570] load() /home/rx17559-1886-prod-m2-custom/www/prod-m2-custom/vendor/magento/framework/Cache/Frontend/Decorator/Bare.php:65
[0x00007f8fa8616500] load() /home/rx17559-1886-prod-m2-custom/www/prod-m2-custom/vendor/magento/module-config/App/Config/Type/System.php:299
[0x00007f8fa8616420] Magento\Config\App\Config\Type\{closure}() /home/rx17559-1886-prod-m2-custom/www/prod-m2-custom/vendor/magento/framework/Cache/LockGuardedCacheLoader.php:118
[0x00007f8fa8616310] lockedLoadData() /home/rx17559-1886-prod-m2-custom/www/prod-m2-custom/vendor/magento/module-config/App/Config/Type/System.php:324
[0x00007f8fa8616270] loadScopeData() /home/rx17559-1886-prod-m2-custom/www/prod-m2-custom/vendor/magento/module-config/App/Config/Type/System.php:216
[0x00007f8fa8616190] getWithParts() /home/rx17559-1886-prod-m2-custom/www/prod-m2-custom/vendor/magento/module-config/App/Config/Type/System.php:181
[0x00007f8fa8616120] get() /home/rx17559-1886-prod-m2-custom/www/prod-m2-custom/vendor/magento/framework/App/Config.php:132
[0x00007f8fa8616070] get() /home/rx17559-1886-prod-m2-custom/www/prod-m2-custom/vendor/magento/framework/App/Config.php:80
[0x00007f8fa8615fd0] getValue() /home/rx17559-1886-prod-m2-custom/www/prod-m2-custom/vendor/amasty/base/Model/ConfigProviderAbstract.php:85
[0x00007f8fa8615f10] getValue() /home/rx17559-1886-prod-m2-custom/www/prod-m2-custom/vendor/amasty/base/Model/ConfigProviderAbstract.php:115
[0x00007f8fa8615e70] isSetFlag() /home/rx17559-1886-prod-m2-custom/www/prod-m2-custom/vendor/amasty/blog/Model/ConfigProvider.php:251

[28-Apr-2026 10:20:41]  [pool rx17559-1886-prod-m2-custom] pid 631592
script_filename = /home/rx17559-1886-prod-m2-custom/www/prod-m2-custom/pub/index.php
[0x00007f8fa8617750] fgets() /home/rx17559-1886-prod-m2-custom/www/prod-m2-custom/vendor/colinmollenhour/credis/Client.php:1483
[0x00007f8fa8617640] read_reply() /home/rx17559-1886-prod-m2-custom/www/prod-m2-custom/vendor/colinmollenhour/credis/Client.php:1231
[0x00007f8fa86173b0] __call() /home/rx17559-1886-prod-m2-custom/www/prod-m2-custom/vendor/colinmollenhour/cache-backend-redis/Cm/Cache/Backend/Redis.php:502
[0x00007f8fa86172e0] load() /home/rx17559-1886-prod-m2-custom/www/prod-m2-custom/vendor/magento/zend-cache/library/Zend/Cache/Core.php:306
[0x00007f8fa8617220] load() /home/rx17559-1886-prod-m2-custom/www/prod-m2-custom/vendor/magento/framework/Cache/Frontend/Adapter/Zend.php:55
[0x00007f8fa86171b0] load() /home/rx17559-1886-prod-m2-custom/www/prod-m2-custom/vendor/magento/framework/Cache/Frontend/Decorator/Bare.php:65
[0x00007f8fa8617140] load() /home/rx17559-1886-prod-m2-custom/www/prod-m2-custom/vendor/magento/framework/Cache/Frontend/Decorator/Bare.php:65
[0x00007f8fa86170d0] load() /home/rx17559-1886-prod-m2-custom/www/prod-m2-custom/vendor/magento/framework/Cache/Frontend/Decorator/Bare.php:65
[0x00007f8fa8617060] load() /home/rx17559-1886-prod-m2-custom/www/prod-m2-custom/vendor/magento/framework/App/Cache/Type/AccessProxy.php:74
[0x00007f8fa8616ff0] load() /home/rx17559-1886-prod-m2-custom/www/prod-m2-custom/vendor/magento/framework/Cache/Frontend/Decorator/Bare.php:65
[0x00007f8fa8616f80] load() /home/rx17559-1886-prod-m2-custom/www/prod-m2-custom/vendor/magento/framework/Reflection/MethodsMap.php:111
[0x00007f8fa8616ed0] getMethodsMap() /home/rx17559-1886-prod-m2-custom/www/prod-m2-custom/vendor/magento/framework/Interception/Interceptor.php:58
[0x00007f8fa8616e50] ___callParent() /home/rx17559-1886-prod-m2-custom/www/prod-m2-custom/vendor/magento/framework/Interception/Interceptor.php:138
[0x00007f8fa8616cf0] Magento\Framework\Interception\{closure}() /home/rx17559-1886-prod-m2-custom/www/prod-m2-custom/vendor/magento/framework/Interception/Interceptor.php:153
[0x00007f8fa8616c10] ___callPlugins() /home/rx17559-1886-prod-m2-custom/www/prod-m2-custom/generated/code/Magento/Framework/Reflection/MethodsMap/Interceptor.php:23
[0x00007f8fa8616b90] getMethodsMap() /home/rx17559-1886-prod-m2-custom/www/prod-m2-custom/vendor/magento/framework/Reflection/ExtensionAttributesProcessor.php:95
[0x00007f8fa8616a60] buildOutputDataArray() /home/rx17559-1886-prod-m2-custom/www/prod-m2-custom/generated/code/Magento/Framework/Reflection/ExtensionAttributesProcessor/Proxy.php:95
[0x00007f8fa86169e0] buildOutputDataArray() /home/rx17559-1886-prod-m2-custom/www/prod-m2-custom/vendor/magento/framework/Reflection/DataObjectProcessor.php:124
[0x00007f8fa8616870] buildOutputDataArray() /home/rx17559-1886-prod-m2-custom/www/prod-m2-custom/vendor/magento/framework/Interception/Interceptor.php:58
[0x00007f8fa86167f0] ___callParent() /home/rx17559-1886-prod-m2-custom/www/prod-m2-custom/vendor/magento/framework/Interception/Interceptor.php:138

[28-Apr-2026 10:20:43]  [pool rx17559-1886-prod-m2-custom] pid 621437
script_filename = /home/rx17559-1886-prod-m2-custom/www/prod-m2-custom/pub/index.php
[0x00007f8fa8618550] quote() /home/rx17559-1886-prod-m2-custom/www/prod-m2-custom/vendor/magento/zend-db/library/Zend/Db/Adapter/Pdo/Abstract.php:300
[0x00007f8fa86184e0] _quote() /home/rx17559-1886-prod-m2-custom/www/prod-m2-custom/vendor/magento/zend-db/library/Zend/Db/Adapter/Abstract.php:911
[0x00007f8fa8618410] quote() /home/rx17559-1886-prod-m2-custom/www/prod-m2-custom/vendor/magento/zend-db/library/Zend/Db/Statement.php:186
[0x00007f8fa8618300] _stripQuoted() /home/rx17559-1886-prod-m2-custom/www/prod-m2-custom/vendor/magento/zend-db/library/Zend/Db/Statement.php:139
[0x00007f8fa8618230] _parseParameters() /home/rx17559-1886-prod-m2-custom/www/prod-m2-custom/vendor/magento/zend-db/library/Zend/Db/Statement.php:114
[0x00007f8fa86181b0] __construct() /home/rx17559-1886-prod-m2-custom/www/prod-m2-custom/vendor/magento/zend-db/library/Zend/Db/Adapter/Pdo/Abstract.php:188
[0x00007f8fa8618110] prepare() /home/rx17559-1886-prod-m2-custom/www/prod-m2-custom/vendor/magento/zend-db/library/Zend/Db/Adapter/Abstract.php:479
[0x00007f8fa8618080] query() /home/rx17559-1886-prod-m2-custom/www/prod-m2-custom/vendor/magento/zend-db/library/Zend/Db/Adapter/Pdo/Abstract.php:242
[0x00007f8fa8617fb0] query() /home/rx17559-1886-prod-m2-custom/www/prod-m2-custom/vendor/magento/framework/DB/Adapter/Pdo/Mysql.php:564
[0x00007f8fa8617e80] _query() /home/rx17559-1886-prod-m2-custom/www/prod-m2-custom/vendor/magento/framework/DB/Adapter/Pdo/Mysql.php:634
[0x00007f8fa8617df0] query() /home/rx17559-1886-prod-m2-custom/www/prod-m2-custom/vendor/magento/zend-db/library/Zend/Db/Adapter/Abstract.php:737
[0x00007f8fa8617d40] fetchAll() /home/rx17559-1886-prod-m2-custom/www/prod-m2-custom/vendor/magento/framework/Data/Collection/Db/FetchStrategy/Query.php:21
[0x00007f8fa8617cc0] fetchAll() /home/rx17559-1886-prod-m2-custom/www/prod-m2-custom/vendor/magento/framework/Data/Collection/AbstractDb.php:782
[0x00007f8fa8617c10] _fetchAll() /home/rx17559-1886-prod-m2-custom/www/prod-m2-custom/vendor/magento/framework/Data/Collection/AbstractDb.php:677
[0x00007f8fa8617b90] getData() /home/rx17559-1886-prod-m2-custom/www/prod-m2-custom/generated/code/Magento/Catalog/Model/ResourceModel/Category/Collection/Interceptor.php:707
[0x00007f8fa8617b20] getData() /home/rx17559-1886-prod-m2-custom/www/prod-m2-custom/vendor/magento/module-catalog/Model/CategoryList.php:83
[0x00007f8fa8617a50] getList() /home/rx17559-1886-prod-m2-custom/www/prod-m2-custom/app/code/Yireo/GoogleTagManager2/Util/CategoryProvider.php:186
[0x00007f8fa86179a0] loadCategoriesByIds() /home/rx17559-1886-prod-m2-custom/www/prod-m2-custom/app/code/Yireo/GoogleTagManager2/Util/CategoryProvider.php:94
[0x00007f8fa8617900] getLoadedCategories() /home/rx17559-1886-prod-m2-custom/www/prod-m2-custom/app/code/Yireo/GoogleTagManager2/Util/CategoryProvider.php:122
[0x00007f8fa8617850] getFirstByProduct() /home/rx17559-1886-prod-m2-custom/www/prod-m2-custom/app/code/Yireo/GoogleTagManager2/DataLayer/Mapper/ProductDataMapper.php:75

[28-Apr-2026 10:20:46]  [pool rx17559-1886-prod-m2-custom] pid 632534
script_filename = /home/rx17559-1886-prod-m2-custom/www/prod-m2-custom/pub/index.php
[0x00007f8fa86157f0] execute() /home/rx17559-1886-prod-m2-custom/www/prod-m2-custom/vendor/magento/framework/DB/Statement/Pdo/Mysql.php:90
[0x00007f8fa8615770] Magento\Framework\DB\Statement\Pdo\{closure}() /home/rx17559-1886-prod-m2-custom/www/prod-m2-custom/vendor/magento/framework/DB/Statement/Pdo/Mysql.php:106
[0x00007f8fa8615690] tryExecute() /home/rx17559-1886-prod-m2-custom/www/prod-m2-custom/vendor/magento/framework/DB/Statement/Pdo/Mysql.php:91
[0x00007f8fa86155f0] _execute() /home/rx17559-1886-prod-m2-custom/www/prod-m2-custom/vendor/magento/zend-db/library/Zend/Db/Statement.php:313
[0x00007f8fa8615540] execute() /home/rx17559-1886-prod-m2-custom/www/prod-m2-custom/vendor/magento/zend-db/library/Zend/Db/Adapter/Abstract.php:480
[0x00007f8fa86154b0] query() /home/rx17559-1886-prod-m2-custom/www/prod-m2-custom/vendor/magento/zend-db/library/Zend/Db/Adapter/Pdo/Abstract.php:242
[0x00007f8fa86153e0] query() /home/rx17559-1886-prod-m2-custom/www/prod-m2-custom/vendor/magento/framework/DB/Adapter/Pdo/Mysql.php:564
[0x00007f8fa86152b0] _query() /home/rx17559-1886-prod-m2-custom/www/prod-m2-custom/vendor/magento/framework/DB/Adapter/Pdo/Mysql.php:634
[0x00007f8fa8615220] query() /home/rx17559-1886-prod-m2-custom/www/prod-m2-custom/vendor/magento/zend-db/library/Zend/Db/Adapter/Abstract.php:737
[0x00007f8fa8615170] fetchAll() /home/rx17559-1886-prod-m2-custom/www/prod-m2-custom/vendor/magento/framework/Data/Collection/Db/FetchStrategy/Query.php:21
[0x00007f8fa86150f0] fetchAll() /home/rx17559-1886-prod-m2-custom/www/prod-m2-custom/vendor/magento/framework/Data/Collection/AbstractDb.php:782
[0x00007f8fa8615040] _fetchAll() /home/rx17559-1886-prod-m2-custom/www/prod-m2-custom/vendor/magento/framework/Data/Collection/AbstractDb.php:677
[0x00007f8fa8614fc0] getData() /home/rx17559-1886-prod-m2-custom/www/prod-m2-custom/vendor/magento/framework/Data/Collection/AbstractDb.php:580
[0x00007f8fa8614f00] loadWithFilter() /home/rx17559-1886-prod-m2-custom/www/prod-m2-custom/vendor/magento/framework/Data/Collection/AbstractDb.php:565
[0x00007f8fa8614e60] load() /home/rx17559-1886-prod-m2-custom/www/prod-m2-custom/vendor/magento/framework/Interception/Interceptor.php:58
[0x00007f8fa8614de0] ___callParent() /home/rx17559-1886-prod-m2-custom/www/prod-m2-custom/vendor/magento/framework/Interception/Interceptor.php:138
[0x00007f8fa8614c90] Magento\Framework\Interception\{closure}() /home/rx17559-1886-prod-m2-custom/www/prod-m2-custom/vendor/magento/framework/Interception/Interceptor.php:153
[0x00007f8fa8614bb0] ___callPlugins() /home/rx17559-1886-prod-m2-custom/www/prod-m2-custom/generated/code/Amasty/Ogrid/Preference/ResourceModel/OrderGridCollection/Interceptor.php:41
[0x00007f8fa8614b20] load() /home/rx17559-1886-prod-m2-custom/www/prod-m2-custom/vendor/magento/framework/Data/Collection.php:333
[0x00007f8fa8614ac0] getItems() /home/rx17559-1886-prod-m2-custom/www/prod-m2-custom/vendor/magento/framework/View/Element/UiComponent/DataProvider/DataProvider.php:252
